current directory: /home/najma/Documents/Moringa/Development/Code/Phase4/phase-4-rails-update-destroy-lab/Documents/Moringa/De/ruby/3.2.0/gems/ffi-1.15.0/ext/ffi_c
/home/najma/.rbenv/versions/3.2.2/bin/ruby extconf.rb
checking for ffi_prep_closure_loc() in -lffi... yes
checking for ffi_prep_cif_var()... yes
checking for ffi_raw_call()... yes
checking for ffi_prep_raw_closure()... yes
creating extconf.h
creating Makefile

current directory: /home/najma/Documents/Moringa/Development/Code/Phase4/phase-4-rails-update-destroy-lab/Documents/Moringa/De/ruby/3.2.0/gems/ffi-1.15.0/ext/ffi_c
make DESTDIR\= sitearchdir\=./.gem.20230622-72676-48u02f sitelibdir\=./.gem.20230622-72676-48u02f clean

current directory: /home/najma/Documents/Moringa/Development/Code/Phase4/phase-4-rails-update-destroy-lab/Documents/Moringa/De/ruby/3.2.0/gems/ffi-1.15.0/ext/ffi_c
make DESTDIR\= sitearchdir\=./.gem.20230622-72676-48u02f sitelibdir\=./.gem.20230622-72676-48u02f
compiling AbstractMemory.c
compiling ArrayType.c
compiling Buffer.c
compiling Call.c
compiling ClosurePool.c
compiling DynamicLibrary.c
compiling Function.c
compiling FunctionInfo.c
compiling LastError.c
compiling LongDouble.c
compiling MappedType.c
compiling MemoryPointer.c
compiling MethodHandle.c
compiling Platform.c
compiling Pointer.c
compiling Struct.c
compiling StructByValue.c
compiling StructLayout.c
compiling Thread.c
compiling Type.c
compiling Types.c
compiling Variadic.c
compiling ffi.c
linking shared-object ffi_c.so

current directory: /home/najma/Documents/Moringa/Development/Code/Phase4/phase-4-rails-update-destroy-lab/Documents/Moringa/De/ruby/3.2.0/gems/ffi-1.15.0/ext/ffi_c
make DESTDIR\= sitearchdir\=./.gem.20230622-72676-48u02f sitelibdir\=./.gem.20230622-72676-48u02f install
/bin/install -c -m 0755 ffi_c.so ./.gem.20230622-72676-48u02f

current directory: /home/najma/Documents/Moringa/Development/Code/Phase4/phase-4-rails-update-destroy-lab/Documents/Moringa/De/ruby/3.2.0/gems/ffi-1.15.0/ext/ffi_c
make DESTDIR\= sitearchdir\=./.gem.20230622-72676-48u02f sitelibdir\=./.gem.20230622-72676-48u02f clean
