current directory: /home/najma/Documents/Moringa/Development/Code/Phase4/phase-4-rails-update-destroy-lab/Documents/Moringa/De/ruby/3.2.0/gems/websocket-driver-0.7.3/ext/websocket-driver
/home/najma/.rbenv/versions/3.2.2/bin/ruby extconf.rb
creating Makefile

current directory: /home/najma/Documents/Moringa/Development/Code/Phase4/phase-4-rails-update-destroy-lab/Documents/Moringa/De/ruby/3.2.0/gems/websocket-driver-0.7.3/ext/websocket-driver
make DESTDIR\= sitearchdir\=./.gem.20230622-72676-u1iacq sitelibdir\=./.gem.20230622-72676-u1iacq clean

current directory: /home/najma/Documents/Moringa/Development/Code/Phase4/phase-4-rails-update-destroy-lab/Documents/Moringa/De/ruby/3.2.0/gems/websocket-driver-0.7.3/ext/websocket-driver
make DESTDIR\= sitearchdir\=./.gem.20230622-72676-u1iacq sitelibdir\=./.gem.20230622-72676-u1iacq
compiling websocket_mask.c
websocket_mask.c: In function ‘Init_websocket_mask’:
websocket_mask.c:26:6: warning: old-style function definition [-Wold-style-definition]
   26 | void Init_websocket_mask()
      |      ^~~~~~~~~~~~~~~~~~~
websocket_mask.c: At top level:
cc1: note: unrecognized command-line option ‘-Wno-self-assign’ may have been intended to silence earlier diagnostics
cc1: note: unrecognized command-line option ‘-Wno-parentheses-equality’ may have been intended to silence earlier diagnostics
cc1: note: unrecognized command-line option ‘-Wno-constant-logical-operand’ may have been intended to silence earlier diagnostics
linking shared-object websocket_mask.so

current directory: /home/najma/Documents/Moringa/Development/Code/Phase4/phase-4-rails-update-destroy-lab/Documents/Moringa/De/ruby/3.2.0/gems/websocket-driver-0.7.3/ext/websocket-driver
make DESTDIR\= sitearchdir\=./.gem.20230622-72676-u1iacq sitelibdir\=./.gem.20230622-72676-u1iacq install
/bin/install -c -m 0755 websocket_mask.so ./.gem.20230622-72676-u1iacq

current directory: /home/najma/Documents/Moringa/Development/Code/Phase4/phase-4-rails-update-destroy-lab/Documents/Moringa/De/ruby/3.2.0/gems/websocket-driver-0.7.3/ext/websocket-driver
make DESTDIR\= sitearchdir\=./.gem.20230622-72676-u1iacq sitelibdir\=./.gem.20230622-72676-u1iacq clean
